2026-07-16 01:00:18,400 - INFO - 送信開始: さくらリバース治療院 藤が丘
2026-07-16 01:00:53,306 - INFO - 手動リストに移動: さくらリバース治療院 藤が丘 - エラー: Page.click: Timeout 30000ms exceeded.
Call log:
  - waiting for locator("input[type=\"submit\"]")
    - locator resolved to <input disabled id="formbtn" type="submit" value="この内容で送信する" class="wpcf7-form-control wpcf7-submit has-spinner"/>
  - attempting click action
    2 × waiting for element to be visible, enabled and stable
      - element is not enabled
    - retrying click action
    - waiting 20ms
    2 × waiting for element to be visible, enabled and stable
      - element is not enabled
    - retrying click action
      - waiting 100ms
    57 × waiting for element to be visible, enabled and stable
       - element is not enabled
     - retrying click action
       - waiting 500ms

2026-07-16 01:00:53,306 - WARNING - 送信失敗: さくらリバース治療院 藤が丘 - エラー: Page.click: Timeout 30000ms exceeded.
Call log:
  - waiting for locator("input[type=\"submit\"]")
    - locator resolved to <input disabled id="formbtn" type="submit" value="この内容で送信する" class="wpcf7-form-control wpcf7-submit has-spinner"/>
  - attempting click action
    2 × waiting for element to be visible, enabled and stable
      - element is not enabled
    - retrying click action
    - waiting 20ms
    2 × waiting for element to be visible, enabled and stable
      - element is not enabled
    - retrying click action
      - waiting 100ms
    57 × waiting for element to be visible, enabled and stable
       - element is not enabled
     - retrying click action
       - waiting 500ms

2026-07-16 01:01:27,053 - INFO - 送信開始: 名古屋ニコリ接骨院 名駅院
2026-07-16 01:01:28,244 - INFO - 手動リストに移動: 名古屋ニコリ接骨院 名駅院 - フォームなし
2026-07-16 01:01:28,245 - WARNING - 送信失敗: 名古屋ニコリ接骨院 名駅院 - フォームなし
2026-07-16 01:01:35,205 - INFO - 送信開始: アイズSPORTS整骨院 姪浜院
2026-07-16 01:01:40,383 - INFO - 手動リストに移動: アイズSPORTS整骨院 姪浜院 - フォームなし
2026-07-16 01:01:40,384 - WARNING - 送信失敗: アイズSPORTS整骨院 姪浜院 - フォームなし
2026-07-16 01:01:46,434 - INFO - 送信開始: F-nine伊都整骨院・鍼灸院
2026-07-16 01:01:50,690 - INFO - 手動リストに移動: F-nine伊都整骨院・鍼灸院 - メッセージ欄なし
2026-07-16 01:01:50,691 - WARNING - 送信失敗: F-nine伊都整骨院・鍼灸院 - メッセージ欄なし
2026-07-16 01:02:27,448 - INFO - 送信開始: RelaFit整骨院
2026-07-16 01:02:34,257 - INFO - 手動リストに移動: RelaFit整骨院 - フォームなし
2026-07-16 01:02:34,258 - WARNING - 送信失敗: RelaFit整骨院 - フォームなし
2026-07-16 01:02:57,721 - INFO - 送信開始: 香里園たいじゅ整骨院
2026-07-16 01:03:01,286 - INFO - 手動リストに移動: 香里園たいじゅ整骨院 - メッセージ欄なし
2026-07-16 01:03:01,287 - WARNING - 送信失敗: 香里園たいじゅ整骨院 - メッセージ欄なし
2026-07-16 01:03:46,778 - INFO - 送信開始: NOX整骨院
2026-07-16 01:03:47,807 - INFO - 手動リストに移動: NOX整骨院 - フォームなし
2026-07-16 01:03:47,808 - WARNING - 送信失敗: NOX整骨院 - フォームなし
2026-07-16 01:04:07,836 - INFO - 送信開始: みゆき整骨院
2026-07-16 01:04:08,893 - INFO - 手動リストに移動: みゆき整骨院 - フォームなし
2026-07-16 01:04:08,894 - WARNING - 送信失敗: みゆき整骨院 - フォームなし
2026-07-16 01:04:29,466 - INFO - 送信開始: ヒロ整骨院
2026-07-16 01:04:30,510 - INFO - 手動リストに移動: ヒロ整骨院 - フォームなし
2026-07-16 01:04:30,511 - WARNING - 送信失敗: ヒロ整骨院 - フォームなし
2026-07-16 01:06:13,338 - INFO - 自動送信デーモン開始
2026-07-16 01:06:13,379 - INFO - 送信開始: さくら整骨院
2026-07-16 01:06:14,508 - INFO - 手動リストに移動: さくら整骨院 - フォームなし
2026-07-16 01:06:14,509 - WARNING - 送信失敗: さくら整骨院 - フォームなし
2026-07-16 01:06:14,509 - INFO - 次の送信まで 12 分待機
2026-07-16 01:07:19,698 - INFO - 自動送信デーモン開始
2026-07-16 01:07:19,739 - INFO - 送信開始: 吉村整骨院
2026-07-16 01:07:20,816 - INFO - 手動リストに移動: 吉村整骨院 - フォームなし
2026-07-16 01:07:20,817 - WARNING - 送信失敗: 吉村整骨院 - フォームなし
2026-07-16 01:07:20,818 - INFO - 次の送信まで 21 分待機
2026-07-16 01:08:33,852 - INFO - 自動送信デーモン開始
2026-07-16 01:08:33,894 - INFO - 送信開始: 鍼灸整骨院三六 福岡南院
2026-07-16 01:08:49,624 - INFO - 手動リストに移動: 鍼灸整骨院三六 福岡南院 - フォームなし
2026-07-16 01:08:49,626 - WARNING - 送信失敗: 鍼灸整骨院三六 福岡南院 - フォームなし
2026-07-16 01:08:49,626 - INFO - 次の送信まで 18 分待機
2026-07-16 01:10:39,509 - INFO - 送信開始: なぎさ接骨院・鍼灸院
2026-07-16 01:10:58,551 - INFO - 手動リストに移動: なぎさ接骨院・鍼灸院 - フォームなし
2026-07-16 01:10:58,552 - WARNING - 送信失敗: なぎさ接骨院・鍼灸院 - フォームなし
2026-07-16 01:11:06,271 - INFO - 送信開始: ひろがる接骨院 広島スタジアム前院
2026-07-16 01:11:24,640 - INFO - 手動リストに移動: ひろがる接骨院 広島スタジアム前院 - フォームなし
2026-07-16 01:11:24,641 - WARNING - 送信失敗: ひろがる接骨院 広島スタジアム前院 - フォームなし
2026-07-16 01:11:48,214 - INFO - 送信開始: with.鍼灸整骨院 西明石院
2026-07-16 01:11:54,331 - INFO - 手動リストに移動: with.鍼灸整骨院 西明石院 - メッセージ欄なし
2026-07-16 01:11:54,333 - WARNING - 送信失敗: with.鍼灸整骨院 西明石院 - メッセージ欄なし
