DNS認証待機中...
[01:39:05] まだpending...
[01:39:36] まだpending...
[01:40:08] まだpending...
[01:40:39] まだpending...
[01:41:09] まだpending...
[01:41:40] まだpending...
[01:42:11] まだpending...
[01:42:42] まだpending...
[01:43:13] まだpending...
[01:43:43] まだpending...
[01:44:14] まだpending...
[01:44:45] まだpending...
[01:45:16] まだpending...
[01:45:47] まだpending...
[01:46:17] まだpending...
[01:46:48] まだpending...
[01:47:19] まだpending...
[01:47:49] まだpending...
[01:48:20] まだpending...
[01:48:50] まだpending...
[01:49:21] まだpending...
[01:49:51] まだpending...
[01:50:22] まだpending...
[01:50:52] まだpending...
[01:51:23] まだpending...
[01:51:54] まだpending...
[01:52:25] まだpending...
[01:52:55] まだpending...
[01:53:26] まだpending...
[01:53:57] まだpending...
[01:54:28] まだpending...
[01:54:59] まだpending...
[01:55:29] まだpending...
[01:56:00] まだpending...
[01:56:30] まだpending...
[01:57:01] まだpending...
[01:57:32] まだpending...
[01:58:02] まだpending...
[01:58:33] まだpending...
[01:59:04] まだpending...
[01:59:35] まだpending...
[02:00:32] まだpending...
[02:06:10] まだpending...
[02:06:42] まだpending...
[02:07:13] まだpending...
[02:11:09] まだpending...
[04:07:00] まだpending...
[05:08:09] まだpending...
[07:10:29] まだpending...
[08:11:41] まだpending...
[10:35:53] まだpending...
[11:14:58] まだpending...
[12:15:56] まだpending...
Traceback (most recent call last):
  File "/usr/local/lib/python3.14/site-packages/urllib3/connection.py", line 204, in _new_conn
    sock = connection.create_connection(
        (self._dns_host, self.port),
    ...<2 lines>...
        socket_options=self.socket_options,
    )
  File "/usr/local/lib/python3.14/site-packages/urllib3/util/connection.py", line 60, in create_connection
    for res in socket.getaddrinfo(host, port, family, socket.SOCK_STREAM):
               ~~~~~~~~~~~~~~~~~~^^^^^^^^^^^^^^^^^^^^^^^^^^^^^^^^^^^^^^^^
  File "/usr/local/Cellar/python@3.14/3.14.3_1/Frameworks/Python.framework/Versions/3.14/lib/python3.14/socket.py", line 983, in getaddrinfo
    for res in _socket.getaddrinfo(host, port, family, type, proto, flags):
               ~~~~~~~~~~~~~~~~~~~^^^^^^^^^^^^^^^^^^^^^^^^^^^^^^^^^^^^^^^^
socket.gaierror: [Errno 8] nodename nor servname provided, or not known

The above exception was the direct cause of the following exception:

Traceback (most recent call last):
  File "/usr/local/lib/python3.14/site-packages/urllib3/connectionpool.py", line 788, in urlopen
    response = self._make_request(
        conn,
    ...<10 lines>...
        **response_kw,
    )
  File "/usr/local/lib/python3.14/site-packages/urllib3/connectionpool.py", line 488, in _make_request
    raise new_e
  File "/usr/local/lib/python3.14/site-packages/urllib3/connectionpool.py", line 464, in _make_request
    self._validate_conn(conn)
    ~~~~~~~~~~~~~~~~~~~^^^^^^
  File "/usr/local/lib/python3.14/site-packages/urllib3/connectionpool.py", line 1106, in _validate_conn
    conn.connect()
    ~~~~~~~~~~~~^^
  File "/usr/local/lib/python3.14/site-packages/urllib3/connection.py", line 759, in connect
    self.sock = sock = self._new_conn()
                       ~~~~~~~~~~~~~~^^
  File "/usr/local/lib/python3.14/site-packages/urllib3/connection.py", line 211, in _new_conn
    raise NameResolutionError(self.host, self, e) from e
urllib3.exceptions.NameResolutionError: HTTPSConnection(host='api.resend.com', port=443): Failed to resolve 'api.resend.com' ([Errno 8] nodename nor servname provided, or not known)

The above exception was the direct cause of the following exception:

Traceback (most recent call last):
  File "/usr/local/lib/python3.14/site-packages/requests/adapters.py", line 696, in send
    resp = conn.urlopen(
        method=request.method,
    ...<9 lines>...
        chunked=chunked,
    )
  File "/usr/local/lib/python3.14/site-packages/urllib3/connectionpool.py", line 842, in urlopen
    retries = retries.increment(
        method, url, error=new_e, _pool=self, _stacktrace=sys.exc_info()[2]
    )
  File "/usr/local/lib/python3.14/site-packages/urllib3/util/retry.py", line 543, in increment
    raise MaxRetryError(_pool, url, reason) from reason  # type: ignore[arg-type]
    ^^^^^^^^^^^^^^^^^^^^^^^^^^^^^^^^^^^^^^^^^^^^^^^^^^^
urllib3.exceptions.MaxRetryError: HTTPSConnectionPool(host='api.resend.com', port=443): Max retries exceeded with url: /domains/74b87383-a27d-42b2-81f1-9e7a7ce7ab26 (Caused by NameResolutionError("HTTPSConnection(host='api.resend.com', port=443): Failed to resolve 'api.resend.com' ([Errno 8] nodename nor servname provided, or not known)"))

During handling of the above exception, another exception occurred:

Traceback (most recent call last):
  File "/Users/kosai/Desktop/整骨院web/seikotsuin-web/営業/wait_and_send.py", line 67, in <module>
    while not check_verified():
              ~~~~~~~~~~~~~~^^
  File "/Users/kosai/Desktop/整骨院web/seikotsuin-web/営業/wait_and_send.py", line 17, in check_verified
    response = requests.get(
        f"https://api.resend.com/domains/{DOMAIN_ID}",
        headers={"Authorization": f"Bearer {RESEND_API_KEY}"}
    )
  File "/usr/local/lib/python3.14/site-packages/requests/api.py", line 87, in get
    return request("get", url, params=params, **kwargs)
  File "/usr/local/lib/python3.14/site-packages/requests/api.py", line 71, in request
    return session.request(method=method, url=url, **kwargs)
           ~~~~~~~~~~~~~~~^^^^^^^^^^^^^^^^^^^^^^^^^^^^^^^^^^
  File "/usr/local/lib/python3.14/site-packages/requests/sessions.py", line 651, in request
    resp = self.send(prep, **send_kwargs)
  File "/usr/local/lib/python3.14/site-packages/requests/sessions.py", line 784, in send
    r = adapter.send(request, **kwargs)
  File "/usr/local/lib/python3.14/site-packages/requests/adapters.py", line 729, in send
    raise ConnectionError(e, request=request)
requests.exceptions.ConnectionError: HTTPSConnectionPool(host='api.resend.com', port=443): Max retries exceeded with url: /domains/74b87383-a27d-42b2-81f1-9e7a7ce7ab26 (Caused by NameResolutionError("HTTPSConnection(host='api.resend.com', port=443): Failed to resolve 'api.resend.com' ([Errno 8] nodename nor servname provided, or not known)"))
